============================================================
  Generated by:           Genus(TM) Synthesis Solution 23.11-s100_1
  Generated on:           Jul 20 2024  01:36:57 pm
  Module:                 PWM
  Operating conditions:   PVT_0P9V_125C (balanced_tree)
  Wireload mode:          enclosed
  Area mode:              timing library
============================================================

Timing
--------

Clock  Period 
--------------
clk   10000.0 


  Cost    Critical         Violating 
 Group   Path Slack  TNS     Paths   
-------------------------------------
clk          7306.1   0.0          0 
default    No paths   0.0            
-------------------------------------
Total                 0.0          0 

Instance Count
--------------
Leaf Instance Count             181 
Physical Instance count           0 
Sequential Instance Count        29 
Combinational Instance Count    152 
Hierarchical Instance Count       0 

Area
----
Cell Area                          385.776
Physical Cell Area                 0.000
Total Cell Area (Cell+Physical)    385.776
Net Area                           0.000
Total Area (Cell+Physical+Net)     385.776

Max Fanout                         29 (clk)
Min Fanout                         1 (last_dty_cycle[2])
Average Fanout                     2.3
Terms to net ratio                 3.1633
Terms to instance ratio            3.4254
Runtime                            27.999978 seconds
Elapsed Runtime                    30 seconds
Genus peak memory usage            1568.26 
Innovus peak memory usage          no_value 
Hostname                           ip-10-3-90-142
